<?xml version="1.0" encoding="UTF-8"?>
<testsuite name="CalculadoraTest" tests="1" skipped="0" failures="0" errors="0" timestamp="2021-11-08T14:57:04" hostname="DESKTOP-4L3KLEO" time="0.027">
  <properties/>
  <testcase name="raizQuadTest" classname="CalculadoraTest" time="0.027"/>
  <system-out><![CDATA[5.0
]]></system-out>
  <system-err><![CDATA[]]></system-err>
</testsuite>
